2026-01-27 11:16:09 | https://www.yodawy.com | Yodawy - Healthcare Simplified
2026-01-27 11:16:17 | https://www.espn.com | ESPN - Serving Sports Fans. Anytime. Anywhere.
2026-01-27 11:16:22 | https://www.digital-clouds.com | digital-clouds // soon
2026-01-27 11:16:45 | https://www.vizionapi.com | Container Tracking API – Vizion
2026-01-27 11:16:54 | https://www.banglajol.info | Bangladesh Journals Online
2026-01-27 11:17:03 | https://www.yaskawa.co.jp | 安川電機
2026-01-27 11:17:11 | https://www.nytimes.com | The New York Times - Breaking News, US News, World News and Videos
2026-01-27 11:17:18 | https://www.binaryedge.io | Coalition Signals Intelligence: Proactive Cyber Threat Monitoring
2026-01-27 11:17:33 | https://www.technologyreview.com | MIT Technology Review
2026-01-27 11:18:00 | https://www.knightfrank.com | Global Real Estate Consultants | Knight Frank
2026-01-27 11:18:07 | https://www.siteground.com | Web Hosting Perfected - SiteGround
2026-01-27 11:18:16 | https://www.ptb.de | Physikalisch-Technische Bundesanstalt
2026-01-27 11:18:25 | https://www.springer.com | Springer | Partner, knowledge, expertise
2026-01-27 11:18:32 | https://www.unfccc.int | No Title
2026-01-27 11:18:47 | https://www.frontiersin.org | Frontiers | Publisher of peer-reviewed articles in open access journals
2026-01-27 11:18:55 | https://www.capacitymedia.com | Homepage - Capacity
2026-01-27 11:19:11 | https://www.inpi.fr | Institut National de la Propriété Industrielle | INPI
2026-01-27 11:19:23 | https://www.caci.com | CACI
2026-01-27 11:19:59 | https://www.cedarfair.com | Six Flags: Theme Parks, Roller Coasters & Family Fun Near You | Six Flags
2026-01-27 11:20:08 | https://www.nationalarchives.gov.uk | The National Archives
2026-01-27 11:20:16 | https://www.deutsche-bank.de | Banking, Geldanlage und Beratung | Deutsche Bank
2026-01-27 11:20:23 | https://www.tuv.com | TÜV Rheinland - Home | NL | TÜV Rheinland
2026-01-27 11:20:29 | https://www.fitnessfirst.com | Fitness First Official Site | Premium Gym & Fitness Center
2026-01-27 11:20:35 | https://www.mcdonalds.eg | Home | McDonald's Egypt
2026-01-27 11:20:42 | https://www.hackaday.com | Hackaday | Fresh Hacks Every Day
2026-01-27 11:20:51 | https://www.jio.com | Best Prepaid, Postpaid Plans, WiFi Connection & Mobile Apps | Jio
2026-01-27 11:20:58 | https://www.companieshouse.gov.uk | Companies House - GOV.UK
2026-01-27 11:21:07 | https://www.juniper.net | Juniper Networks, Now Part of HPE – Leading the Convergence of AI & Networking
2026-01-27 11:21:17 | https://www.shahidlaw.com | Shahid Law Firm
2026-01-27 11:21:22 | https://www.squarespace.com | Website Builder — Easily Create Your Own Website — Squarespace
2026-01-27 11:21:31 | https://www.phenom.com | Intelligent Talent Experience
2026-01-27 11:21:37 | https://www.tendersinfo.com/egypt-tenders.php | No Title
2026-01-27 11:21:46 | https://www.exxonmobil.com | Exxon Mobil Corporation | ExxonMobil
2026-01-27 11:22:03 | https://www.dubizzle.com/jobs | Pardon Our Interruption
2026-01-27 11:22:15 | https://developer.android.com | Android Mobile App Developer Tools - Android Developers
2026-01-27 11:22:23 | https://www.moma.org | The Museum of Modern Art, New York City | MoMA
2026-01-27 11:22:55 | https://www.eastlaws.com | شبكة قوانين الشرق – منصة قانونية عربية متكاملة للمحامين والقضاة والباحثين
2026-01-27 11:23:04 | https://www.rust-lang.org | Rust Programming Language
2026-01-27 11:23:18 | https://www.aig.com/travel | Travel Insurance Plans | International & Domestic | Travel Guard
2026-01-27 11:23:49 | https://www.ccbe.eu | Welcome to CCBE - CCBE
2026-01-27 11:23:57 | https://www.ibm.com/ai | IBM
2026-01-27 11:24:06 | https://www.swisscom.ch | Swisscom Privatkunden: Mobile, TV, Internet & Festnetz | Swisscom
2026-01-27 11:24:24 | https://www.treasury.gov/data | Treasury Open Data | U.S. Department of the Treasury
2026-01-27 11:24:36 | https://www.mci-group.com | Homepage - mci group
2026-01-27 11:24:44 | https://www.envision-energy.com | Envision
2026-01-27 11:25:08 | https://www.eia.gov | Homepage -
		U.S. Energy Information Administration (EIA)
2026-01-27 11:25:25 | https://www.bonvivant.co.uk | Luxury Travel Services from Bon Vivant - Upgrade Your Travel
2026-01-27 11:25:32 | https://www.remotive.com | Remote Jobs in Programming, Support, Design and more
2026-01-27 11:25:44 | https://www.mskcc.org | Memorial Sloan Kettering Cancer Center
2026-01-27 11:25:54 | https://www.tnm.jp | 東京国立博物館 - Tokyo National Museum
2026-01-27 11:26:10 | https://www.handelsregister.de | Registerportal | Startseite
2026-01-27 11:26:18 | https://www.rarible.com | Rarible – fastest multichain NFT Marketplace with Rewards
2026-01-27 11:26:28 | https://www.chick-fil-a.com | Delicious Chicken Sandwiches & More for Pickup or Delivery | Chick-fil-A
2026-01-27 11:26:40 | https://www.anu.edu.au | The Australian National University
2026-01-27 11:26:58 | https://www.iscresearch.com | Home - ISC Research
2026-01-27 11:27:07 | https://www.ifsn.ch | Inspection fédérale de la sécurité nucléaire IFSN » IFSN
2026-01-27 11:27:15 | https://www.mrandmrssmith.com | Mr & Mrs Smith - The world's best boutique & luxury hotels
2026-01-27 11:27:22 | https://www.costacruises.com | ​​Costa Cruises | Dream Holidays & Trips 🛳️
2026-01-27 11:27:28 | https://www.pando.com | Pando — Just-in-time career progression tool
2026-01-27 11:27:41 | https://www.olx.com | OLX
2026-01-27 11:27:50 | https://www.shell.com | Shell Global
2026-01-27 11:27:57 | https://www.pca-cpa.org | PCA-CPA
2026-01-27 11:28:13 | https://www.mosaicco.com | The Mosaic Company | Potash Mining | Phosphate Mining | Mining Company
2026-01-27 11:28:22 | https://www.kfh.com | الخدمات المصرفية للأفراد
2026-01-27 11:28:35 | https://www.fra.gov.eg/content/efra_en/efra_pages/non_banking_financial_sector.htm | Request Rejected
2026-01-27 11:29:26 | https://www.salama.ae | Leading Takaful provider in the UAE | Salama Insurance
2026-01-27 11:29:37 | https://www.vietnamairlines.com | Vietnam Airlines | Reach Further | Official website
2026-01-27 11:29:54 | https://www.apnews.com | Associated Press News: Breaking News, Latest Headlines and Videos | AP News
2026-01-27 11:30:00 | https://www.kia.com | Welkom bij Kia Nederland | De officiële website
2026-01-27 11:30:11 | https://www.desy.de | Deutsches Elektronen-Synchrotron DESY ·
2026-01-27 11:30:19 | https://www.mdanderson.org | MD Anderson Cancer Center: Cancer Treatment & Cancer Research Hospital | MD Anderson Cancer Center
2026-01-27 11:30:29 | https://www.kadenze.com | Online Creative Courses from Top Universities | Kadenze
2026-01-27 11:31:13 | https://www.boc.cn | 中国银行网站_全球门户首页
2026-01-27 11:31:28 | https://www.shangri-la.com | Luxury Escape at Best Rate | Shangri-La Hotels and Resorts
2026-01-27 11:31:36 | https://www.ounass.com | OUNASS | Welcome To The Definitive Home Of Luxury
2026-01-27 11:32:02 | https://www.iaf.nu | Home - IAF
2026-01-27 11:32:10 | https://www.lek.com | L.E.K. Consulting | Strategy Consulting Firm
2026-01-27 11:32:15 | https://www.walleniuswilhelmsen.com | Global Shipping & Logistic Solutions - Wallenius Wilhelmsen
2026-01-27 11:32:23 | https://www.sary.com | Sary
2026-01-27 11:32:37 | https://www.ul.com | UL Solutions
2026-01-27 11:32:45 | https://www.glencore.com | Glencore
2026-01-27 11:32:49 | https://www.boehringer-ingelheim.com | No Title
2026-01-27 11:32:57 | https://www.kraftheinzcompany.com | The Kraft Heinz Company
2026-01-27 11:33:17 | https://www.lidl.com | Grocery Store | Low Prices | Lidl US
2026-01-27 11:33:24 | https://www.msf.org | MSF - Médecins Sans Frontières | Medical humanitarian organisation
2026-01-27 11:33:30 | https://www.southwest.com | Southwest Airlines | Airline Tickets and Low Fares
2026-01-27 11:34:09 | https://www.princess.com | Princess Cruises: Award-Winning Cruises & Deals - Princess Cruises
2026-01-27 11:34:18 | https://www.evergreen-marine.com | EVERGREEN MARINE CORP.
2026-01-27 11:34:32 | https://www.ucl.ac.uk | Welcome to UCL | University College London
2026-01-27 11:34:48 | https://www.britishairways.com | British Airways - Information Page
2026-01-27 11:34:57 | https://www.leboat.com | Houseboat rental vacations | River cruises | Le Boat
2026-01-27 11:35:06 | https://www.oceaniacruises.com | Award-Winning Luxury Cruise Vacations - Oceania Cruises
2026-01-27 11:35:21 | https://www.snu.ac.kr | 서울대학교
2026-01-27 11:35:31 | https://www.euronext.com | Euronext: the European stock market and infrastructure
2026-01-27 11:35:46 | https://www.bbc.co.uk/learning | Home - BBC Bitesize
2026-01-27 11:36:01 | https://www.dollar.com | Autoverhuur - Voordelige in Europa - Dollar auto huren
2026-01-27 11:36:08 | https://www.fordhamlawreview.org | Fordham Law Review
2026-01-27 11:36:15 | https://www.yachtico.com | Yacht Charter - Yacht Rentals - Boat Charters | YACHTICO.com
2026-01-27 11:36:27 | https://www.cloudera.com | Cloudera | The hybrid platform for data & AI
2026-01-27 11:36:37 | https://www.ornl.gov | Oak Ridge National Laboratory: Big Science. Big Impact. | ORNL
2026-01-27 11:36:45 | https://www.edarabia.com/schools/uae | 25 Best Schools in UAE - Top Ratings (2026  Fees)
2026-01-27 11:37:06 | https://www.belvedere.at | Belvedere Museum Wien | Österreichische Galerie Belvedere
2026-01-27 11:37:17 | https://www.portofbusan.com | No Title
2026-01-27 11:37:56 | https://www.valero.com | Valero | Advancing the Future of Energy
2026-01-27 11:38:04 | https://www.oracle.com/cx/marketing | Marketing Cloud | Oracle
2026-01-27 11:38:18 | https://www.doabooks.org | Directory of Open Access Books
2026-01-27 11:38:27 | https://www.hankooktire.com | Hankook Tire Nederland | banden voor EV, personenauto's, SUV's
2026-01-27 11:38:35 | https://www.sqlite.org/docs.html | SQLite Documentation
2026-01-27 11:38:42 | https://www.tourism.gov.eg | CUANWIN138: Update Link CUANWIN138 LOGIN Tercepat Hari Ini – Akses Langsung Tanpa Ribet
2026-01-27 11:38:47 | https://www.coca-cola.com | De wereld verfrissen en het verschil maken | Coca-Cola NL
2026-01-27 11:39:02 | https://www.scielo.org | Página inicial
2026-01-27 11:39:12 | https://www.jcetglobal.com | JCET Group —— Home
2026-01-27 11:39:21 | https://www.tradekey.com | Tradekey: Global B2b Marketplace - The Biggest Manufacturers & Suppliers Directory
2026-01-27 11:39:27 | https://www.omv.com | OMV Home | OMV.com
2026-01-27 11:39:36 | https://www.stamps.com | Buy Postage Online, Print USPS Stamps and Shipping Labels - Stamps.com
2026-01-27 11:39:50 | https://www.gamescom.global | gamescom 2026 | gamescom
2026-01-27 11:39:57 | https://www.frontlinedefenders.org | Front Line Defenders | Front Line Defenders
2026-01-27 11:40:05 | https://www.priceline.com | Priceline.com - The Best Deals on Hotels, Flights and Rental Cars.
2026-01-27 11:40:55 | https://www.hsh.com | Find mortgage rates, lenders, calculators and help - HSH.com
2026-01-27 11:41:19 | https://www.ferguson.com | Plumbing Supplies, HVAC Parts, Pipe, Valves & Fittings – Ferguson
2026-01-27 11:41:37 | https://www.peopleperhour.com | PeoplePerHour.com - Hire Freelancers Online & Find Freelance Work
2026-01-27 11:41:44 | https://www.anaqua.com | Intellectual Property Management Software and Services | Anaqua
2026-01-27 11:41:53 | https://www.cosmos.network | Cosmos | Secure and Performant Blockchain for Institutions
2026-01-27 11:42:01 | https://www.delta.com | Delta Air Lines | Flights & Plane Tickets + Hotels & Cars
2026-01-27 11:42:29 | https://www.kalittaair.com | Kalitta Air
2026-01-27 11:42:40 | https://www.panynj.gov | We Keep the Region Moving | Port Authority of New York and New Jersey
